<?xml version="1.0" encoding="UTF-8"?>
<!-- Generated by org.testng.reporters.JUnitReportReporter -->
<testsuite skipped="0" hostname="LAPTOP-SM2UC3MS" name="crater.qa.testcases.InvoiceTest" tests="9" failures="0" timestamp="02 Jul 2020 06:10:21 GMT" time="176.359" errors="0">
  <testcase name="newInvoicevalidation" time="24.001" classname="crater.qa.testcases.InvoiceTest"/>
  <testcase name="newInvoicevalidation" time="22.380" classname="crater.qa.testcases.InvoiceTest"/>
  <testcase name="newInvoicevalidation" time="23.098" classname="crater.qa.testcases.InvoiceTest"/>
  <testcase name="newInvoiceSearchvalidation" time="16.308" classname="crater.qa.testcases.InvoiceTest"/>
  <testcase name="newInvoiceSearchvalidation" time="20.229" classname="crater.qa.testcases.InvoiceTest"/>
  <testcase name="newInvoiceSearchvalidation" time="17.618" classname="crater.qa.testcases.InvoiceTest"/>
  <testcase name="customerDueAmountvalidation" time="17.860" classname="crater.qa.testcases.InvoiceTest"/>
  <testcase name="customerDueAmountvalidation" time="16.742" classname="crater.qa.testcases.InvoiceTest"/>
  <testcase name="customerDueAmountvalidation" time="18.123" classname="crater.qa.testcases.InvoiceTest"/>
</testsuite> <!-- crater.qa.testcases.InvoiceTest -->
