<?xml version="1.0" encoding="UTF-8"?>
<!-- Generated by org.testng.reporters.JUnitReportReporter -->
<testsuite skipped="0" hostname="LAPTOP-SM2UC3MS" name="crater.qa.test.InvoiceTest" tests="1" failures="0" timestamp="01 Jul 2020 10:38:33 GMT" time="25.335" errors="0">
  <testcase name="newInvoicevalidation" time="25.335" classname="crater.qa.test.InvoiceTest"/>
</testsuite> <!-- crater.qa.test.InvoiceTest -->
