<?xml version="1.0" encoding="UTF-8"?>
<!-- Generated by org.testng.reporters.JUnitReportReporter -->
<testsuite skipped="0" hostname="LAPTOP-SM2UC3MS" name="crater.qa.testcases.PaymentTest" tests="6" failures="0" timestamp="02 Jul 2020 06:10:21 GMT" time="118.294" errors="0">
  <testcase name="newPaymentvalidation" time="20.057" classname="crater.qa.testcases.PaymentTest"/>
  <testcase name="newPaymentvalidation" time="25.532" classname="crater.qa.testcases.PaymentTest"/>
  <testcase name="newPaymentvalidation" time="18.379" classname="crater.qa.testcases.PaymentTest"/>
  <testcase name="searchPaymentvalidation" time="18.661" classname="crater.qa.testcases.PaymentTest"/>
  <testcase name="searchPaymentvalidation" time="17.916" classname="crater.qa.testcases.PaymentTest"/>
  <testcase name="searchPaymentvalidation" time="17.749" classname="crater.qa.testcases.PaymentTest"/>
</testsuite> <!-- crater.qa.testcases.PaymentTest -->
